<?xml version="1.0" encoding="UTF-8"?>
<!-- Generated by org.testng.reporters.JUnitXMLReporter -->
<testsuite ignored="0" hostname="Lenovo" failures="0" tests="5" name="Book Search-firefoxTest" time="0.116" errors="0" timestamp="2021-01-27T19:43:22 IST">
  <testcase classname="TestScenarios.NavigationCommand" name="@BeforeClass driverconfig" time="0.002">
    <failure type="java.lang.NoClassDefFoundError" message="org/openqa/selenium/WebDriver">
      <![CDATA[java.lang.NoClassDefFoundError: org/openqa/selenium/WebDriver
at TestScenarios.NavigationCommand.driverconfig(NavigationCommand.java:41)
at java.base/java.util.ArrayList.forEach(ArrayList.java:1511)
Caused by: java.lang.ClassNotFoundException: org.openqa.selenium.WebDriver
at java.base/jdk.internal.loader.BuiltinClassLoader.loadClass(BuiltinClassLoader.java:606)
at java.base/jdk.internal.loader.ClassLoaders$AppClassLoader.loadClass(ClassLoaders.java:168)
at java.base/java.lang.ClassLoader.loadClass(ClassLoader.java:522)
... 27 more
... Removed 25 stack frames]]>
    </failure>
  </testcase> <!-- @BeforeClass driverconfig -->
  <testcase classname="TestScenarios.NavigationCommand" name="ScreenShot" time="0.0">
    <skipped/>
  </testcase> <!-- ScreenShot -->
  <testcase classname="TestScenarios.NavigationCommand" name="navigateBackward" time="0.0">
    <skipped/>
  </testcase> <!-- navigateBackward -->
  <testcase classname="TestScenarios.NavigationCommand" name="navigateForward" time="0.0">
    <skipped/>
  </testcase> <!-- navigateForward -->
  <testcase classname="TestScenarios.NavigationCommand" name="setValue" time="0.0">
    <skipped/>
  </testcase> <!-- setValue -->
  <testcase classname="TestScenarios.NavigationCommand" name="testcaseRexl" time="0.0">
    <skipped/>
  </testcase> <!-- testcaseRexl -->
</testsuite> <!-- Book Search-firefoxTest -->
